[    0.000000] Initializing cgroup subsys cpuset
[    0.000000] Initializing cgroup subsys cpu
[    0.000000] Initializing cgroup subsys cpuacct
[    0.000000] Linux version 4.4.0-194-generic (buildd@lcy01-amd64-020) (gcc version 5.4.0 20160609 (Ubuntu 5.4.0-6ubuntu1~16.04.12) ) #226-Ubuntu SMP Wed Oct 21 10:19:36 UTC 2020 (Ubuntu 4.4.0-194.226-generic 4.4.236)
[    0.000000] Command line: BOOT_IMAGE=/boot/vmlinuz-4.4.0-194-generic root=LABEL=cloudimg-rootfs ro console=tty1 console=ttyS0
[    0.000000] KERNEL supported cpus:
[    0.000000]   Intel GenuineIntel
[    0.000000]   AMD AuthenticAMD
[    0.000000]   Centaur CentaurHauls
[    0.000000] x86/fpu: xstate_offset[2]:  576, xstate_sizes[2]:  256
[    0.000000] x86/fpu: Supporting XSAVE feature 0x01: 'x87 floating point registers'
[    0.000000] x86/fpu: Supporting XSAVE feature 0x02: 'SSE registers'
[    0.000000] x86/fpu: Supporting XSAVE feature 0x04: 'AVX registers'
[    0.000000] x86/fpu: Enabled xstate features 0x7, context size is 832 bytes, using 'standard' format.
[    0.000000] e820: BIOS-provided physical RAM map:
[    0.000000] BIOS-e820: [mem 0x0000000000000000-0x000000000009fbff] usable
[    0.000000] BIOS-e820: [mem 0x000000000009fc00-0x000000000009ffff] reserved
[    0.000000] BIOS-e820: [mem 0x00000000000f0000-0x00000000000fffff] reserved
[    0.000000] BIOS-e820: [mem 0x0000000000100000-0x000000001ffeffff] usable
[    0.000000] BIOS-e820: [mem 0x000000001fff0000-0x000000001fffffff] ACPI data
[    0.000000] BIOS-e820: [mem 0x00000000fec00000-0x00000000fec00fff] reserved
[    0.000000] BIOS-e820: [mem 0x00000000fee00000-0x00000000fee00fff] reserved
[    0.000000] BIOS-e820: [mem 0x00000000fffc0000-0x00000000ffffffff] reserved
[    0.000000] NX (Execute Disable) protection: active
[    0.000000] SMBIOS 2.5 present.
[    0.000000] Hypervisor detected: KVM
[    0.000000] e820: last_pfn = 0x1fff0 max_arch_pfn = 0x400000000
[    0.000000] MTRR: Disabled
[    0.000000] x86/PAT: MTRRs disabled, skipping PAT initialization too.
[    0.000000] CPU MTRRs all blank - virtualized system.
[    0.000000] x86/PAT: Configuration [0-7]: WB  WT  UC- UC  WB  WT  UC- UC  
[    0.000000] found SMP MP-table at [mem 0x0009fff0-0x0009ffff] mapped at [ffff88000009fff0]
[    0.000000] Scanning 1 areas for low memory corruption
[    0.000000] RAMDISK: [mem 0x1e89b000-0x1f722fff]
[    0.000000] ACPI: Early table checksum verification disabled
[    0.000000] ACPI: RSDP 0x00000000000E0000 000024 (v02 VBOX  )
[    0.000000] ACPI: XSDT 0x000000001FFF0030 00003C (v01 VBOX   VBOXXSDT 00000001 ASL  00000061)
[    0.000000] ACPI: FACP 0x000000001FFF00F0 0000F4 (v04 VBOX   VBOXFACP 00000001 ASL  00000061)
[    0.000000] ACPI: DSDT 0x000000001FFF0470 002325 (v02 VBOX   VBOXBIOS 00000002 INTL 20120111)
[    0.000000] ACPI: FACS 0x000000001FFF0200 000040
[    0.000000] ACPI: FACS 0x000000001FFF0200 000040
[    0.000000] ACPI: APIC 0x000000001FFF0240 000054 (v02 VBOX   VBOXAPIC 00000001 ASL  00000061)
[    0.000000] ACPI: SSDT 0x000000001FFF02A0 0001CC (v01 VBOX   VBOXCPUT 00000002 INTL 20120111)
[    0.000000] No NUMA configuration found
[    0.000000] Faking a node at [mem 0x0000000000000000-0x000000001ffeffff]
[    0.000000] NODE_DATA(0) allocated [mem 0x1ffeb000-0x1ffeffff]
[    0.000000] kvm-clock: Using msrs 4b564d01 and 4b564d00
[    0.000000] kvm-clock: cpu 0, msr 0:1ffe3001, primary cpu clock
[    0.000000] kvm-clock: using sched offset of 3894513973 cycles
[    0.000000] clocksource: kvm-clock: mask: 0xffffffffffffffff max_cycles: 0x1cd42e4dffb, max_idle_ns: 881590591483 ns
[    0.000000] Zone ranges:
[    0.000000]   DMA      [mem 0x0000000000001000-0x0000000000ffffff]
[    0.000000]   DMA32    [mem 0x0000000001000000-0x000000001ffeffff]
[    0.000000]   Normal   empty
[    0.000000]   Device   empty
[    0.000000] Movable zone start for each node
[    0.000000] Early memory node ranges
[    0.000000]   node   0: [mem 0x0000000000001000-0x000000000009efff]
[    0.000000]   node   0: [mem 0x0000000000100000-0x000000001ffeffff]
[    0.000000] Initmem setup node 0 [mem 0x0000000000001000-0x000000001ffeffff]
[    0.000000] ACPI: PM-Timer IO Port: 0x4008
[    0.000000] IOAPIC[0]: apic_id 1, version 32, address 0xfec00000, GSI 0-23
[    0.000000] ACPI: INT_SRC_OVR (bus 0 bus_irq 0 global_irq 2 dfl dfl)
[    0.000000] ACPI: INT_SRC_OVR (bus 0 bus_irq 9 global_irq 9 low level)
[    0.000000] Using ACPI (MADT) for SMP configuration information
[    0.000000] smpboot: Allowing 1 CPUs, 0 hotplug CPUs
[    0.000000] PM: Registered nosave memory: [mem 0x00000000-0x00000fff]
[    0.000000] PM: Registered nosave memory: [mem 0x0009f000-0x0009ffff]
[    0.000000] PM: Registered nosave memory: [mem 0x000a0000-0x000effff]
[    0.000000] PM: Registered nosave memory: [mem 0x000f0000-0x000fffff]
[    0.000000] e820: [mem 0x20000000-0xfebfffff] available for PCI devices
[    0.000000] Booting paravirtualized kernel on KVM
[    0.000000] clocksource: refined-jiffies: mask: 0xffffffff max_cycles: 0xffffffff, max_idle_ns: 7645519600211568 ns
[    0.000000] setup_percpu: NR_CPUS:512 nr_cpumask_bits:512 nr_cpu_ids:1 nr_node_ids:1
[    0.000000] PERCPU: Embedded 33 pages/cpu @ffff88001fc00000 s95512 r8192 d31464 u2097152
[    0.000000] Built 1 zonelists in Node order, mobility grouping on.  Total pages: 128888
[    0.000000] Policy zone: DMA32
[    0.000000] Kernel command line: BOOT_IMAGE=/boot/vmlinuz-4.4.0-194-generic root=LABEL=cloudimg-rootfs ro console=tty1 console=ttyS0
[    0.000000] PID hash table entries: 2048 (order: 2, 16384 bytes)
[    0.000000] Memory: 481716K/523832K available (8640K kernel code, 1337K rwdata, 4040K rodata, 1492K init, 1296K bss, 42116K reserved, 0K cma-reserved)
[    0.000000] SLUB: HWalign=64, Order=0-3, MinObjects=0, CPUs=1, Nodes=1
[    0.000000] Kernel/User page tables isolation: enabled
[    0.000000] Hierarchical RCU implementation.
[    0.000000] 	Build-time adjustment of leaf fanout to 64.
[    0.000000] 	RCU restricting CPUs from NR_CPUS=512 to nr_cpu_ids=1.
[    0.000000] RCU: Adjusting geometry for rcu_fanout_leaf=64, nr_cpu_ids=1
[    0.000000] NR_IRQS:33024 nr_irqs:256 16
[    0.000000] Console: colour VGA+ 80x25
[    0.000000] console [tty1] enabled
[    0.000000] console [ttyS0] enabled
[    0.000000] tsc: Detected 2399.998 MHz processor
[    0.518885] Calibrating delay loop (skipped) preset value.. 4799.99 BogoMIPS (lpj=9599992)
[    0.525638] pid_max: default: 32768 minimum: 301
[    0.529136] ACPI: Core revision 20150930
[    0.532785] ACPI: 2 ACPI AML tables successfully acquired and loaded
[    0.538304] Security Framework initialized
[    0.541484] Yama: becoming mindful.
[    0.544993] AppArmor: AppArmor initialized
[    0.548624] Dentry cache hash table entries: 65536 (order: 7, 524288 bytes)
[    0.554243] Inode-cache hash table entries: 32768 (order: 6, 262144 bytes)
[    0.559985] Mount-cache hash table entries: 1024 (order: 1, 8192 bytes)
[    0.565475] Mountpoint-cache hash table entries: 1024 (order: 1, 8192 bytes)
[    0.571430] Initializing cgroup subsys io
[    0.574591] Initializing cgroup subsys memory
[    0.577987] Initializing cgroup subsys devices
[    0.581765] Initializing cgroup subsys freezer
[    0.585581] Initializing cgroup subsys net_cls
[    0.589263] Initializing cgroup subsys perf_event
[    0.593173] Initializing cgroup subsys net_prio
[    0.596809] Initializing cgroup subsys hugetlb
[    0.601911] Initializing cgroup subsys pids
[    0.607020] mce: CPU supports 0 MCE banks
[    0.610409] process: using mwait in idle threads
[    0.614380] Last level iTLB entries: 4KB 64, 2MB 8, 4MB 8
[    0.618727] Last level dTLB entries: 4KB 64, 2MB 0, 4MB 0, 1GB 4
[    0.623284] Spectre V1 : Mitigation: usercopy/swapgs barriers and __user pointer sanitization
[    0.629840] Spectre V2 : Mitigation: Full generic retpoline
[    0.634242] Spectre V2 : Spectre v2 / SpectreRSB mitigation: Filling RSB on context switch
[    0.641640] Speculative Store Bypass: Vulnerable
[    0.645860] SRBDS: Unknown: Dependent on hypervisor status
[    0.650481] MDS: Mitigation: Clear CPU buffers
[    0.675706] Freeing SMP alternatives memory: 36K
[    0.685763] ftrace: allocating 32346 entries in 127 pages
[    0.745263] smpboot: APIC(0) Converting physical 0 to logical package 0
[    0.751069] smpboot: Max logical packages: 1
[    0.755018] x2apic enabled
[    0.757532] Switched APIC routing to physical x2apic.
[    0.762467] ..TIMER: vector=0x30 apic1=0 pin1=2 apic2=-1 pin2=-1
[    0.875602] smpboot: CPU0: Intel(R) Core(TM) i9-9980HK CPU @ 2.40GHz (family: 0x6, model: 0x9e, stepping: 0xd)
[    0.885622] Performance Events: unsupported p6 CPU model 158 no PMU driver, software events only.
[    0.902042] KVM setup paravirtual spinlock
[    0.905654] x86: Booted up 1 node, 1 CPUs
[    0.909086] smpboot: Total of 1 processors activated (4799.99 BogoMIPS)
[    0.915114] devtmpfs: initialized
[    0.918952] evm: security.selinux
[    0.921582] evm: security.SMACK64
[    0.924364] evm: security.SMACK64EXEC
[    0.927618] evm: security.SMACK64TRANSMUTE
[    0.931117] evm: security.SMACK64MMAP
[    0.934391] evm: security.ima
[    0.937028] evm: security.capability
[    0.940059] clocksource: jiffies: mask: 0xffffffff max_cycles: 0xffffffff, max_idle_ns: 7645041785100000 ns
[    0.948457] futex hash table entries: 256 (order: 2, 16384 bytes)
[    0.953270] pinctrl core: initialized pinctrl subsystem
[    0.957327] RTC time:  8:59:19, date: 11/22/20
[    0.961079] NET: Registered protocol family 16
[    0.965315] cpuidle: using governor ladder
[    0.968733] cpuidle: using governor menu
[    0.972147] PCCT header not found.
[    0.974968] ACPI: bus type PCI registered
[    0.978054] acpiphp: ACPI Hot Plug PCI Controller Driver version: 0.5
[    0.983640] PCI: Using configuration type 1 for base access
[    0.990326] ACPI: Added _OSI(Module Device)
[    0.993574] ACPI: Added _OSI(Processor Device)
[    0.996814] ACPI: Added _OSI(3.0 _SCP Extensions)
[    1.001058] ACPI: Added _OSI(Processor Aggregator Device)
[    1.007511] ACPI: Executed 1 blocks of module-level executable AML code
[    1.015132] ACPI: Interpreter enabled
[    1.018125] ACPI: (supports S0 S5)
[    1.020889] ACPI: Using IOAPIC for interrupt routing
[    1.024868] PCI: Using host bridge windows from ACPI; if necessary, use "pci=nocrs" and report a bug
[    1.037812] ACPI: PCI Root Bridge [PCI0] (domain 0000 [bus 00-ff])
[    1.043124] acpi PNP0A03:00: _OSC: OS supports [ASPM ClockPM Segments MSI]
[    1.049568] acpi PNP0A03:00: _OSC: not requesting OS control; OS requires [ExtendedConfig ASPM ClockPM MSI]
[    1.057806] acpi PNP0A03:00: fail to add MMCONFIG information, can't access extended PCI configuration space under this bridge.
[    1.068637] PCI host bridge to bus 0000:00
[    1.072375] pci_bus 0000:00: root bus resource [io  0x0000-0x0cf7 window]
[    1.077936] pci_bus 0000:00: root bus resource [io  0x0d00-0xffff window]
[    1.083483] pci_bus 0000:00: root bus resource [mem 0x000a0000-0x000bffff window]
[    1.089910] pci_bus 0000:00: root bus resource [mem 0x20000000-0xfdffffff window]
[    1.096650] pci_bus 0000:00: root bus resource [bus 00-ff]
[    1.104031] pci 0000:00:01.1: legacy IDE quirk: reg 0x10: [io  0x01f0-0x01f7]
[    1.110124] pci 0000:00:01.1: legacy IDE quirk: reg 0x14: [io  0x03f6]
[    1.115557] pci 0000:00:01.1: legacy IDE quirk: reg 0x18: [io  0x0170-0x0177]
[    1.121581] pci 0000:00:01.1: legacy IDE quirk: reg 0x1c: [io  0x0376]
[    1.141817] pci 0000:00:07.0: quirk: [io  0x4000-0x403f] claimed by PIIX4 ACPI
[    1.148717] pci 0000:00:07.0: quirk: [io  0x4100-0x410f] claimed by PIIX4 SMB
[    1.159877] ACPI: PCI Interrupt Link [LNKA] (IRQs 5 9 10 *11)
[    1.165728] ACPI: PCI Interrupt Link [LNKB] (IRQs 5 9 *10 11)
[    1.171034] ACPI: PCI Interrupt Link [LNKC] (IRQs 5 *9 10 11)
[    1.176573] ACPI: PCI Interrupt Link [LNKD] (IRQs 5 9 10 *11)
[    1.182302] ACPI: Enabled 2 GPEs in block 00 to 07
[    1.186725] vgaarb: setting as boot device: PCI:0000:00:02.0
[    1.191289] vgaarb: device added: PCI:0000:00:02.0,decodes=io+mem,owns=io+mem,locks=none
[    1.198031] vgaarb: loaded
[    1.200713] vgaarb: bridge control possible 0000:00:02.0
[    1.205595] SCSI subsystem initialized
[    1.209227] ACPI: bus type USB registered
[    1.212615] usbcore: registered new interface driver usbfs
[    1.217018] usbcore: registered new interface driver hub
[    1.221557] usbcore: registered new device driver usb
[    1.226230] PCI: Using ACPI for IRQ routing
[    1.230118] NetLabel: Initializing
[    1.233237] NetLabel:  domain hash size = 128
[    1.236873] NetLabel:  protocols = UNLABELED CIPSOv4
[    1.241401] NetLabel:  unlabeled traffic allowed by default
[    1.246371] amd_nb: Cannot enumerate AMD northbridges
[    1.250578] clocksource: Switched to clocksource kvm-clock
[    1.260248] AppArmor: AppArmor Filesystem Enabled
[    1.263957] pnp: PnP ACPI init
[    1.267185] pnp: PnP ACPI: found 3 devices
[    1.275843] clocksource: acpi_pm: mask: 0xffffff max_cycles: 0xffffff, max_idle_ns: 2085701024 ns
[    1.283532] NET: Registered protocol family 2
[    1.287578] TCP established hash table entries: 4096 (order: 3, 32768 bytes)
[    1.292949] TCP bind hash table entries: 4096 (order: 4, 65536 bytes)
[    1.297727] TCP: Hash tables configured (established 4096 bind 4096)
[    1.303348] UDP hash table entries: 256 (order: 1, 8192 bytes)
[    1.308363] UDP-Lite hash table entries: 256 (order: 1, 8192 bytes)
[    1.313227] NET: Registered protocol family 1
[    1.317141] pci 0000:00:00.0: Limiting direct PCI/PCI transfers
[    1.321966] pci 0000:00:01.0: Activating ISA DMA hang workarounds
[    1.328428] Unpacking initramfs...
[    1.522953] Freeing initrd memory: 14880K
[    1.526582] clocksource: tsc: mask: 0xffffffffffffffff max_cycles: 0x229835b7123, max_idle_ns: 440795242976 ns
[    1.535025] platform rtc_cmos: registered platform RTC device (no PNP device found)
[    1.542480] Scanning for low memory corruption every 60 seconds
[    1.548505] audit: initializing netlink subsys (disabled)
[    1.553823] audit: type=2000 audit(1606035564.864:1): initialized
[    1.559399] Initialise system trusted keyring
[    1.563303] HugeTLB registered 2 MB page size, pre-allocated 0 pages
[    1.569621] zbud: loaded
[    1.572115] VFS: Disk quotas dquot_6.6.0
[    1.575277] VFS: Dquot-cache hash table entries: 512 (order 0, 4096 bytes)
[    1.581282] squashfs: version 4.0 (2009/01/31) Phillip Lougher
[    1.586406] fuse init (API version 7.23)
[    1.590377] Key type big_key registered
[    1.593325] Allocating IMA MOK and blacklist keyrings.
[    1.597484] Key type asymmetric registered
[    1.601447] Asymmetric key parser 'x509' registered
[    1.605952] Block layer SCSI generic (bsg) driver version 0.4 loaded (major 249)
[    1.612551] io scheduler noop registered
[    1.615817] io scheduler deadline registered (default)
[    1.619913] io scheduler cfq registered
[    1.623105] pci_hotplug: PCI Hot Plug PCI Core version: 0.5
[    1.627514] pciehp: PCI Express Hot Plug Controller Driver version: 0.4
[    1.633069] ACPI: AC Adapter [AC] (on-line)
[    1.636399] input: Power Button as /devices/LNXSYSTM:00/LNXPWRBN:00/input/input0
[    1.642077] ACPI: Power Button [PWRF]
[    1.645621] input: Sleep Button as /devices/LNXSYSTM:00/LNXSLPBN:00/input/input1
[    1.652618] ACPI: Sleep Button [SLPF]
[    1.657968] ACPI: Battery Slot [BAT0] (battery present)
[    1.662734] GHES: HEST is not enabled!
[    1.666278] Serial: 8250/16550 driver, 32 ports, IRQ sharing enabled
[    1.693163] 00:02: ttyS0 at I/O 0x3f8 (irq = 4, base_baud = 115200) is a 16550A
[    1.699778] Linux agpgart interface v0.103
[    1.705334] loop: module loaded
[    1.709474] scsi host0: ata_piix
[    1.712287] scsi host1: ata_piix
[    1.715115] ata1: PATA max UDMA/33 cmd 0x1f0 ctl 0x3f6 bmdma 0xd000 irq 14
[    1.720544] ata2: PATA max UDMA/33 cmd 0x170 ctl 0x376 bmdma 0xd008 irq 15
[    1.726663] libphy: Fixed MDIO Bus: probed
[    1.730861] tun: Universal TUN/TAP device driver, 1.6
[    1.735117] tun: (C) 1999-2004 Max Krasnyansky <maxk@qualcomm.com>
[    1.740697] PPP generic driver version 2.4.2
[    1.744896] ehci_hcd: USB 2.0 'Enhanced' Host Controller (EHCI) Driver
[    1.750614] ehci-pci: EHCI PCI platform driver
[    1.754516] ehci-platform: EHCI generic platform driver
[    1.759124] ohci_hcd: USB 1.1 'Open' Host Controller (OHCI) Driver
[    1.763961] ohci-pci: OHCI PCI platform driver
[    1.767345] ohci-platform: OHCI generic platform driver
[    1.771425] uhci_hcd: USB Universal Host Controller Interface driver
[    1.777399] i8042: PNP: PS/2 Controller [PNP0303:PS2K,PNP0f03:PS2M] at 0x60,0x64 irq 1,12
[    1.786386] serio: i8042 KBD port at 0x60,0x64 irq 1
[    1.791134] serio: i8042 AUX port at 0x60,0x64 irq 12
[    1.795419] mousedev: PS/2 mouse device common for all mice
[    1.800999] input: AT Translated Set 2 keyboard as /devices/platform/i8042/serio0/input/input2
[    1.810619] rtc_cmos rtc_cmos: rtc core: registered rtc_cmos as rtc0
[    1.816118] rtc_cmos rtc_cmos: alarms up to one day, 114 bytes nvram
[    1.821786] i2c /dev entries driver
[    1.824929] device-mapper: uevent: version 1.0.3
[    1.828979] device-mapper: ioctl: 4.34.0-ioctl (2015-10-28) initialised: dm-devel@redhat.com
[    1.836891] ledtrig-cpu: registered to indicate activity on CPUs
[    1.842714] NET: Registered protocol family 10
[    1.847168] NET: Registered protocol family 17
[    1.850917] Key type dns_resolver registered
[    1.854808] registered taskstats version 1
[    1.858444] Loading compiled-in X.509 certificates
[    1.863138] Loaded X.509 cert 'Build time autogenerated kernel key: 12717d7bded22cc9f4c9021cf049cb5c0a2cb7b0'
[    1.871097] zswap: loaded using pool lzo/zbud
[    1.876102] Key type trusted registered
[    1.904709] Key type encrypted registered
[    1.907770] AppArmor: AppArmor sha1 policy hashing enabled
[    1.912184] ima: No TPM chip found, activating TPM-bypass!
[    1.916623] ima: Allocated hash algorithm: sha1
[    1.920466] evm: HMAC attrs: 0x1
[    1.923241]   Magic number: 12:972:978
[    1.926157] rtc_cmos rtc_cmos: setting system clock to 2020-11-22 08:59:20 UTC (1606035560)
[    1.934414] BIOS EDD facility v0.16 2004-Jun-25, 0 devices found
[    1.940216] EDD information not available.
[    1.945098] Freeing unused kernel memory: 1492K
[    1.949018] Write protecting the kernel read-only data: 14336k
[    1.954322] Freeing unused kernel memory: 1588K
[    1.958368] Freeing unused kernel memory: 56K
Loading, please wait...
starting version 229
[    1.969697] random: udevadm: uninitialized urandom read (16 bytes read, 5 bits of entropy available)
[    1.977173] random: systemd-udevd: uninitialized urandom read (16 bytes read, 5 bits of entropy available)
[    1.985151] random: systemd-udevd: uninitialized urandom read (16 bytes read, 5 bits of entropy available)
[    1.993534] random: udevadm: uninitialized urandom read (16 bytes read, 5 bits of entropy available)
[    2.001174] random: systemd-udevd: uninitialized urandom read (16 bytes read, 5 bits of entropy available)
[    2.015560] random: systemd-udevd: uninitialized urandom read (16 bytes read, 5 bits of entropy available)
[    2.024316] random: udevadm: uninitialized urandom read (16 bytes read, 5 bits of entropy available)
[    2.032483] random: systemd-udevd: uninitialized urandom read (16 bytes read, 5 bits of entropy available)
[    2.040523] random: udevadm: uninitialized urandom read (16 bytes read, 5 bits of entropy available)
[    2.047900] random: systemd-udevd: uninitialized urandom read (16 bytes read, 5 bits of entropy available)
[    2.105048] e1000: Intel(R) PRO/1000 Network Driver - version 7.3.21-k8-NAPI
[    2.111563] e1000: Copyright (c) 1999-2006 Intel Corporation.
[    2.121488] Fusion MPT base driver 3.04.20
[    2.125879] Copyright (c) 1999-2008 LSI Corporation
[    2.154749] AVX2 version of gcm_enc/dec engaged.
[    2.158328] AES CTR mode by8 optimization enabled
[    2.174522] Fusion MPT SPI Host driver 3.04.20
[    2.337560] input: ImExPS/2 Generic Explorer Mouse as /devices/platform/i8042/serio1/input/input4
[    2.559499] e1000 0000:00:03.0 eth0: (PCI:33MHz:32-bit) 02:e0:65:d0:24:0e
[    2.566089] e1000 0000:00:03.0 eth0: Intel(R) PRO/1000 Network Connection
[    2.571973] mptbase: ioc0: Initiating bringup
[    2.638854] ioc0: LSI53C1030 A0: Capabilities={Initiator}
[    2.804630] scsi host2: ioc0: LSI53C1030 A0, FwRev=00000000h, Ports=1, MaxQ=256, IRQ=20
[    2.923874] scsi 2:0:0:0: Direct-Access     VBOX     HARDDISK         1.0  PQ: 0 ANSI: 5
[    2.931665] scsi target2:0:0: Beginning Domain Validation
[    2.938355] scsi target2:0:0: Domain Validation skipping write tests
[    2.943650] scsi target2:0:0: Ending Domain Validation
[    2.949173] scsi target2:0:0: asynchronous
[    2.953006] scsi 2:0:1:0: Direct-Access     VBOX     HARDDISK         1.0  PQ: 0 ANSI: 5
[    2.969059] scsi target2:0:1: Beginning Domain Validation
[    3.036139] scsi target2:0:1: Domain Validation skipping write tests
[    3.044352] scsi target2:0:1: Ending Domain Validation
[    3.061961] scsi target2:0:1: asynchronous
[    3.263022] sd 2:0:0:0: Attached scsi generic sg0 type 0
[    3.273219] sd 2:0:0:0: [sda] 20971520 512-byte logical blocks: (10.7 GB/10.0 GiB)
[    3.293808] sd 2:0:0:0: [sda] Write Protect is off
[    3.306706] sd 2:0:1:0: [sdb] 20480 512-byte logical blocks: (10.5 MB/10.0 MiB)
[    3.312754] sd 2:0:1:0: Attached scsi generic sg1 type 0
[    3.318070] sd 2:0:0:0: [sda] Incomplete mode parameter data
[    3.322956] sd 2:0:0:0: [sda] Assuming drive cache: write through
[    3.328358] sd 2:0:1:0: [sdb] Write Protect is off
[    3.337319] sd 2:0:1:0: [sdb] Incomplete mode parameter data
[    3.342402] sd 2:0:1:0: [sdb] Assuming drive cache: write through
[    3.350977]  sda: sda1
[    3.354331] sd 2:0:0:0: [sda] Attached SCSI disk
[    3.358684] sd 2:0:1:0: [sdb] Attached SCSI disk
[    3.379495] e1000 0000:00:08.0 eth1: (PCI:33MHz:32-bit) 08:00:27:0a:84:92
[    3.385247] e1000 0000:00:08.0 eth1: Intel(R) PRO/1000 Network Connection
[    3.391655] e1000 0000:00:08.0 enp0s8: renamed from eth1
[    3.398622] e1000 0000:00:03.0 enp0s3: renamed from eth0
Begin: Loading essential drivers ... [    4.633509] md: linear personality registered for level -1
[    4.639994] md: multipath personality registered for level -4
[    4.647244] md: raid0 personality registered for level 0
[    4.653936] md: raid1 personality registered for level 1
[    4.726831] raid6: sse2x1   gen() 12093 MB/s
[    4.795110] raid6: sse2x1   xor()  7468 MB/s
[    4.862677] raid6: sse2x2   gen() 17454 MB/s
[    4.932215] raid6: sse2x2   xor() 11348 MB/s
[    5.002693] raid6: sse2x4   gen() 18499 MB/s
[    5.074925] raid6: sse2x4   xor() 11093 MB/s
[    5.146820] raid6: avx2x1   gen() 21631 MB/s
[    5.219275] raid6: avx2x2   gen() 26703 MB/s
[    5.291847] raid6: avx2x4   gen() 32882 MB/s
[    5.295682] raid6: using algorithm avx2x4 gen() 32882 MB/s
[    5.300284] raid6: using avx2x2 recovery algorithm
[    5.306678] xor: automatically using best checksumming function:
[    5.350751]    avx       : 36342.000 MB/sec
[    5.356723] async_tx: api initialized (async)
[    5.369182] md: raid6 personality registered for level 6
[    5.373193] md: raid5 personality registered for level 5
[    5.378312] md: raid4 personality registered for level 4
[    5.388251] md: raid10 personality registered for level 10
done.
Begin: Running /scripts/init-premount ... done.
Begin: Mounting root file system ... Begin: Running /scripts/local-top ... done.
Begin: Running /scripts/local-premount ... [    5.418969] Btrfs loaded
Scanning for Btrfs filesystems
done.
Warning: fsck not present, so skipping root file system
[    5.443632] EXT4-fs (sda1): mounted filesystem with ordered data mode. Opts: (null)
done.
Begin: Running /scripts/local-bottom ... done.
Begin: Running /scripts/init-bottom ... done.
[    5.522870] systemd[1]: systemd 229 running in system mode. (+PAM +AUDIT +SELINUX +IMA +APPARMOR +SMACK +SYSVINIT +UTMP +LIBCRYPTSETUP +GCRYPT +GNUTLS +ACL +XZ -LZ4 +SECCOMP +BLKID +ELFUTILS +KMOD -IDN)
[    5.536661] systemd[1]: Detected virtualization oracle.
[    5.540904] systemd[1]: Detected architecture x86-64.

Welcome to [1mUbuntu 16.04.7 LTS[0m!

[    5.555626] systemd[1]: Set hostname to <ubuntu>.
[    5.563331] systemd[1]: Initializing machine ID from random generator.
[    5.568396] systemd[1]: Installed transient /etc/machine-id file.
[    5.658254] systemd[1]: Listening on udev Kernel Socket.
[[0;32m  OK  [0m] Listening on udev Kernel Socket.
[    5.671305] systemd[1]: Created slice User and Session Slice.
[[0;32m  OK  [0m] Created slice User and Session Slice.
[    5.682845] systemd[1]: Listening on udev Control Socket.
[[0;32m  OK  [0m] Listening on udev Control Socket.
[    5.695097] systemd[1]: Created slice System Slice.
[[0;32m  OK  [0m] Created slice System Slice.
[    5.706971] systemd[1]: Created slice system-serial\x2dgetty.slice.
[[0;32m  OK  [0m] Created slice system-serial\x2dgetty.slice.
[    5.719286] systemd[1]: Listening on Journal Socket.
[[0;32m  OK  [0m] Listening on Journal Socket.
[    5.731471] systemd[1]: Starting Create list of required static device nodes for the current kernel...
         Starting Create list of required st... nodes for the current kernel...
[    5.747750] systemd[1]: Mounting POSIX Message Queue File System...
         Mounting POSIX Message Queue File System...
[    5.759418] systemd[1]: Starting Nameserver information manager...
         Starting Nameserver information manager...
[    5.771156] systemd[1]: Mounting Debug File System...
         Mounting Debug File System...
[    5.787644] systemd[1]: Starting Remount Root and Kernel File Systems...
         Starting Remount Root and Kernel File Systems...
[    5.796100] EXT4-fs (sda1): re-mounted. Opts: (null)
[    5.800667] systemd[1]: Starting Set console keymap...
         Starting Set console keymap...
[    5.807233] systemd[1]: Listening on Journal Socket (/dev/log).
[[0;32m  OK  [0m] Listening on Journal Socket (/dev/log).
[    5.814240] systemd[1]: Reached target Swap.
[[0;32m  OK  [0m] Reached target Swap.
[    5.833846] systemd[1]: Starting Load Kernel Modules...
         Starting Load Kernel Modules...
[    5.847442] systemd[1]: Starting Uncomplicated firewall...
[    5.853992] Loading iSCSI transport class v2.0-870.
         Starting Uncomplicated firewall...
[    5.863991] iscsi: registered transport (tcp)
[    5.867534] systemd[1]: Started Forward Password Requests to Wall Directory Watch.
[[0;32m  OK  [0m] Started Forward Password Requests to Wall Directory Watch.
[    5.878817] systemd[1]: Listening on Syslog Socket.
[[0;32m  OK  [0m] Listening on Syslog Socket.
[    5.885820] systemd[1]: Set up automount Arbitrary Executable File Formats File System Automount Point.
[[0;32m  OK  [0m] Set up automount Arbitrary Executab...ats File System Automount Point.
[    5.896596] systemd[1]: Started Trigger resolvconf update for networkd DNS.
[[0;32m  OK  [0m] Started Trigger resolvconf update for networkd DNS.
[    5.903816] systemd[1]: Listening on /dev/initctl Compatibility Named Pipe.
[[0;32m  OK  [0m] Listening on /dev/initctl Compatibility Named Pipe.
[    5.911680] iscsi: registered transport (iser)
[    5.915368] systemd[1]: Listening on Device-mapper event daemon FIFOs.
[[0;32m  OK  [0m] Listening on Device-mapper event daemon FIFOs.
[    5.930785] systemd[1]: Reached target Encrypted Volumes.
[[0;32m  OK  [0m] Reached target Encrypted Volumes.
[    5.943437] systemd[1]: Mounting Huge Pages File System...
         Mounting Huge Pages File System...
[    5.954781] systemd[1]: Listening on LVM2 poll daemon socket.
[[0;32m  OK  [0m] Listening on LVM2 poll daemon socket.
[    5.966930] systemd[1]: Listening on LVM2 metadata daemon socket.
[[0;32m  OK  [0m] Listening on LVM2 metadata daemon socket.
[    5.979184] systemd[1]: Starting Monitoring of LVM2 mirrors, snapshots etc. using dmeventd or progress polling...
         Starting Monitoring of LVM2 mirrors... dmeventd or progress polling...
[    5.995099] systemd[1]: Reached target System Time Synchronized.
[[0;32m  OK  [0m] Reached target System Time Synchronized.
[    6.006880] systemd[1]: Reached target User and Group Name Lookups.
[[0;32m  OK  [0m] Reached target User and Group Name Lookups.
[    6.019286] systemd[1]: Listening on Journal Audit Socket.
[[0;32m  OK  [0m] Listening on Journal Audit Socket.
[    6.031387] systemd[1]: Starting Journal Service...
         Starting Journal Service...
[    6.037056] systemd[1]: Reached target Slices.
[[0;32m  OK  [0m] Reached target Slices.
[    6.056246] systemd[1]: Mounted Huge Pages File System.
[[0;32m  OK  [0m] Mounted Huge Pages File System.
[    6.062510] systemd[1]: Mounted Debug File System.
[[0;32m  OK  [0m] Mounted Debug File System.
[    6.074764] systemd[1]: Mounted POSIX Message Queue File System.
[[0;32m  OK  [0m] Mounted POSIX Message Queue File System.
[    6.086888] systemd[1]: Started Journal Service.
[[0;32m  OK  [0m] Started Journal Service.
[[0;32m  OK  [0m] Started Create list of required sta...ce nodes for the current kernel.
[[0;32m  OK  [0m] Started Remount Root and Kernel File Systems.
[[0;32m  OK  [0m] Started Set console keymap.
[[0;32m  OK  [0m] Started Load Kernel Modules.
[[0;32m  OK  [0m] Started Uncomplicated firewall.
[[0;32m  OK  [0m] Started Names[    6.139694] random: nonblocking pool is initialized
erver information manager.
[[0;32m  OK  [0m] Started LVM2 metadata daemon.
         Mounting FUSE Control File System...
         Starting Apply Kernel Variables...
         Starting udev Coldplug all Devices...
         Starting Load/Save Random Seed...
         Starting Create Static Device Nodes in /dev...
         Starting Flush Journal to Persistent Storage...
[[0;32m  OK  [0m] Mounted FUSE Control File System.
[[0;32m  OK  [0m] Started Apply Kernel Variables.
[[0;32m  OK  [0m] Started Monitoring of LVM2 mirrors,...ng dmeventd or progress polling.
[[0;32m  OK  [0m] Started Load/Save Random Seed.
[[0;32m  OK  [0m] Started Create Static Device Nodes in /dev.
         Starting udev Kernel Device Manager...
[[0;32m  OK  [0m] Reached target Local File Systems (Pre).
[[0;32m  OK  [0m] Reached target Local File Systems.
         Starting LSB: AppArmor initialization...
         Starting Initial cloud-init job (pre-networking)...
         Starting Set console font and keymap...
         Starting Commit a transient machine-id on disk...
         Starting Tell Plymouth To Write Out Runtime Data...
[[0;32m  OK  [0m] Started Commit a transient machine-id on disk.
[[0;32m  OK  [0m] Started Flush Journal to Persistent Storage.
         Starting Create Volatile Files and Directories...
[[0;32m  OK  [0m] Started Tell Plymouth To Write Out Runtime Data.
[[0;32m  OK  [0m] Started Create Volatile Files and Directories.
         Starting Update UTMP about System Boot/Shutdown...
[[0;32m  OK  [0m] Started Update UTMP about System Boot/Shutdown.
[[0;32m  OK  [0m] Started udev Kernel Device Manager.
[[0;32m  OK  [0m] Started udev Coldplug all Devices.
[[0;32m  OK  [0m] Started Dispatch Password Requests to Console Directory Watch.
[[0;32m  OK  [0m] Found device /dev/ttyS0.
[[0;32m  OK  [0m] Listening on Load/Save RF Kill Switch Status /dev/rfkill Watch.
[[0;32m  OK  [0m] Started Set console font and keymap.
[[0;32m  OK  [0m] Created slice system-getty.slice.
[    7.108189] cloud-init[470]: Cloud-init v. 20.3-2-g371b392c-0ubuntu1~16.04.1 running 'init-local' at Sun, 22 Nov 2020 08:59:25 +0000. Up 6.66 seconds.
[[0;32m  OK  [0m] Started Initial cloud-init job (pre-networking).
[[0;32m  OK  [0m] Reached target Network (Pre).
[[0;32m  OK  [0m] Started LSB: AppArmor initialization.
         Starting Raise network interfaces...
         Starting Load AppArmor profiles managed internally by snapd...
[[0;32m  OK  [0m] Started Load AppArmor profiles managed internally by snapd.
[[0;32m  OK  [0m] Started Raise network interfaces.
[[0;32m  OK  [0m] Reached target Network.
         Starting Initial cloud-init job (metadata service crawler)...
[    8.102902] cloud-init[945]: Cloud-init v. 20.3-2-g371b392c-0ubuntu1~16.04.1 running 'init' at Sun, 22 Nov 2020 08:59:26 +0000. Up 7.75 seconds.
[    8.108498] cloud-init[945]: ci-info: ++++++++++++++++++++++++++++++++++++++Net device info+++++++++++++++++++++++++++++++++++++++
[    8.116538] cloud-init[945]: ci-info: +--------+-------+----------------------------+---------------+--------+-------------------+
[    8.124648] cloud-init[945]: ci-info: | Device |   Up  |          Address           |      Mask     | Scope  |     Hw-Address    |
[    8.132341] cloud-init[945]: ci-info: +--------+-------+----------------------------+---------------+--------+-------------------+
[    8.140301] cloud-init[945]: ci-info: | enp0s3 |  True |         10.0.2.15          | 255.255.255.0 | global | 02:e0:65:d0:24:0e |
[[0;32m  OK  [0m] Started Initial cloud-init job (metadata service crawler).
[[0;32m  OK  [0m] Reached target Network is Online.
         Starting iSCSI initiator daemon (iscsid)...
[[0;32m  OK  [0m] Reached target System Initialization.
[[0;32m  OK  [0m] Listening on UUID daemon activation socket.
[    8.150252] cloud-init[945]: ci-info: | enp0s3 |  True | fe80::e0:65ff:fed0:240e/64 |       .       |  link  | 02:e0:65:d0:24:0e |
[    8.192469] cloud-init[945]: ci-info: | enp0s8 | False |             .              |       .       |   .    | 08:00:27:0a:84:92 |
[    8.200680] cloud-init[945]: ci-info: |   lo   |  True |         127.0.0.1          |   255.0.0.0   |  host  |         .         |
[    8.208462] cloud-init[945]: ci-info: |   lo   |  True |          ::1/128           |       .       |  host  |         .         |
[    8.216507] cloud-init[945]: ci-info: +--------+-------+----------------------------+---------------+--------+-------------------+
[[0;32m  OK  [0m] Started ACPI Events Check.
[[0;32m  OK  [0m] Reached target Paths.
[[0;32m  OK  [0m] Started Daily apt download activities.
[    8.225750] cloud-init[945]: ci-info: +++++++++++++++++++++++++++Route IPv4 info++++++++++++++++++++++++++++
[    8.256391] cloud-init[945]: ci-info: +-------+-------------+----------+---------------+-----------+-------+
[    8.264274] cloud-init[945]: ci-info: | Route | Destination | Gateway  |    Genmask    | Interface | Flags |
[[0;32m  OK  [0m] Listening on D-Bus System Message Bus Socket.
[[0;32m  OK  [0m] Started Daily Cleanup of Temporary Directories.
[[0;32m  OK  [0m] Started Daily apt upgrade and clean activities.
[    8.274652] cloud-init[945]: ci-info: +-------+-------------+----------+---------------+-----------+-------+
[    8.303321] cloud-init[945]: ci-info: |   0   |   0.0.0.0   | 10.0.2.2 |    0.0.0.0    |   enp0s3  |   UG  |
[    8.312596] cloud-init[945]: ci-info: |   1   |   10.0.2.0  | 0.0.0.0  | 255.255.255.0 |   enp0s3  |   U   |
[    8.320229] cloud-init[945]: ci-info: +-------+-------------+----------+---------------+-----------+-------+
[    8.328257] cloud-init[945]: ci-info: +++++++++++++++++++Route IPv6 info+++++++++++++++++++
[    8.336372] cloud-init[945]: ci-info: +-------+-------------+---------+-----------+-------+
         Starting LXD - unix socket.
[[0;32m  OK  [0m] Listening on ACPID Listen Socket.
[[0;32m  OK  [0m] Started Message of the Day.
[    8.345701] cloud-init[945]: ci-info: | Route | Destination | Gateway | Interface | Flags |
[    8.376210] cloud-init[945]: ci-info: +-------+-------------+---------+-----------+-------+
[    8.384453] cloud-init[945]: ci-info: |   0   |  fe80::/64  |    ::   |   enp0s3  |   U   |
[[0;32m  OK  [0m] Reached target Timers.
         Starting Socket activation for snappy daemon.
[[0;32m  OK  [0m] Reached target Cloud-config availability.
[    8.394446] cloud-init[945]: ci-info: |   3   |   ff00::/8  |    ::   |   enp0s3  |   U   |
[    8.410691] cloud-init[945]: ci-info: +-------+-------------+---------+-----------+-------+
[    8.412081] cloud-init[945]: Generating public/private rsa key pair.
[    8.413224] cloud-init[945]: Your identification has been saved in /etc/ssh/ssh_host_rsa_key.
[[0;32m  OK  [0m] Listening on LXD - unix socket.
[[0;32m  OK  [0m] Listening on Socket activation for snappy daemon.
[[0;32m  OK  [0m] Started iSCSI initiator daemon (iscsid).
[    8.422380] cloud-init[945]: Your public key has been saved in /etc/ssh/ssh_host_rsa_key.pub.
[    8.447555] cloud-init[945]: The key fingerprint is:
[    8.448408] cloud-init[945]: SHA256:qJjz+yomRF8+ub1K7fE2Nv5saKbWQrWCA6uJ76SoQYE root@ubuntu-xenial
[    8.456224] cloud-init[945]: The key's randomart image is:
[    8.464363] cloud-init[945]: +---[RSA 2048]----+
         Starting Login to default iSCSI targets...
[[0;32m  OK  [0m] Reached target Sockets.
[[0;32m  OK  [0m] Reached target Basic System.
[    8.473540] cloud-init[945]: |                 |
[    8.504383] cloud-init[945]: |.                |
         Starting Pollinate to seed the pseudo random number generator...
         Starting Login Service...
         Starting Accounts Service...
[[0;32m  OK  [0m] Started Regular background program processing daemon.
[    8.515670] cloud-init[945]: |E.               |
         Starting Snap Daemon...
[    8.544412] cloud-init[945]: | ... . . .       |
[[0;32m  OK  [0m] Started FUSE filesystem for LXC.
[[0;32m  OK  [0m] Started Deferred execution scheduler.
         Starting LSB: MD monitoring daemon...
         Starting /etc/rc.local Compatibility...
         Starting System Logging Service...
         Starting LXD - container startup/shutdown...
[    8.550001] cloud-init[945]: |... = + S .      |
[[0;32m  OK  [0m] Started ACPI event daemon.
         Starting LSB: Record successful boot for GRUB...
         Starting Virtualbox guest utils...
[[0;32m  OK  [0m] Started D-Bus System Message Bus.
[    8.572855] cloud-init[945]: |.. = B.o .       |
[    8.587124] cloud-init[945]: |+ B ..*oo .      |
[    8.591601] cloud-init[945]: |+*oo...+oX..     |
[    8.595795] cloud-init[945]: |==o.+=++Xo=o     |
[    8.608603] cloud-init[945]: +----[SHA256]-----+
[    8.609313] cloud-init[945]: Generating public/private dsa key pair.
[    8.610281] cloud-init[945]: Your identification has been saved in /etc/ssh/ssh_host_dsa_key.
[    8.612384] cloud-init[945]: Your public key has been saved in /etc/ssh/ssh_host_dsa_key.pub.
[    8.620725] cloud-init[945]: The key fingerprint is:
[[0;32m  OK  [0m] Started System Logging Service.
[[0;32m  OK  [0m] Started /etc/rc.local Compatibility.
[    8.631991] cloud-init[945]: SHA256:ql1EVUXKUQzmaArKTryicqlbRnc6J4N/rvLa2c95ZIU root@ubuntu-xenial
         Starting Authenticate and Authorize Users to Run Privileged Tasks...
[[0;32m  OK  [0m] Started Login Service.
[[0;32m  OK  [0m] Started Unattended Upgrades Shutdown.
[    8.656460] cloud-init[945]: The key's randomart image is:
[    8.675136] cloud-init[945]: +---[DSA 1024]----+
[[0;32m  OK  [0m] Started Login to default iSCSI targets.
[[0;32m  OK  [0m] Reached target Remote File Systems (Pre).
[[0;32m  OK  [0m] Reached target Remote File Systems.
         Starting LSB: Set the CPU Frequency Scaling governor to "ondemand"...
[    8.685568] cloud-init[945]: |          ..=*+  |
[    8.720140] cloud-init[945]: |         . = o.  |
[    8.720283] cloud-init[945]: |      . . o.+    |
[    8.720396] cloud-init[945]: |   o . o oE .    |
[    8.720478] cloud-init[945]: |  . * . S  .     |
[    8.720707] cloud-init[945]: | . = + o  o      |
[    8.720942] cloud-init[945]: |  =.B o .o       |
[    8.721026] cloud-init[945]: |.+++ X.o ..      |
[    8.721171] cloud-init[945]: |=+.+B++.+.       |
[    8.721284] cloud-init[945]: +----[SHA256]-----+
[    8.721364] cloud-init[945]: Generating public/private ecdsa key pair.
[    8.721490] cloud-init[945]: Your identification has been saved in /etc/ssh/ssh_host_ecdsa_key.
[    8.721568] cloud-init[945]: Your public key has been saved in /etc/ssh/ssh_host_ecdsa_key.pub.
[    8.721652] cloud-init[945]: The key fingerprint is:
[    8.721745] cloud-init[945]: SHA256:+c8DaMkLCOU30IjYrtTd8GMNOYLPHFuxbtyC92USRY8 root@ubuntu-xenial
[    8.721897] cloud-init[945]: The key's randomart image is:
[    8.722142] cloud-init[945]: +---[ECDSA 256]---+
[    8.722266] cloud-init[945]: | o ..o .o .o     |
[    8.722466] cloud-init[945]: |. o.++.=. . o    |
[    8.722583] cloud-init[945]: | ..o=.O.+. E .   |
[    8.722735] cloud-init[945]: | .o..**=.o.      |
         Starting Permit User Sessions...
         Starting LSB: daemon to balance interrupts for SMP systems...
         Starting LSB: automatic crash report generation...
[[0;32m  OK  [0m] Started LXD - container startup/shutdown.
[[0;32m  OK  [0m] Started LSB: MD monitoring daemon.
[[0;32m  OK  [0m] Started LSB: Record successful boot for GRUB.
[[0;32m  OK  [0m] Started Permit User Sessions.
[[0;32m  OK  [0m] Started Authenticate and Authorize Users to Run Privileged Tasks.
[[0;32m  OK  [0m] Started Accounts Service.
         Starting Hold until boot process finishes up...
         Starting Terminate Plymouth Boot Screen...
[[0;32m  OK  [0m] Started Hold until boot process finishes up.
         Starting Set console scheme...
[[0;32m  OK  [0m] Started Serial Getty on ttyS0.
[[0;32m  OK  [0m] Started Getty on tty1.
[[0;32m  OK  [0m] Reached target Login Prompts.
[[0;32m  OK  [0m] Started LSB: Set the CPU Frequency Scaling governor to "ondemand".
[[0;32m  OK  [0m] Started LSB: automatic crash report generation.
[[0;32m  OK  [0m] Started LSB: daemon to balance interrupts for SMP systems.
[[0;32m  OK  [0m] Started Virtualbox guest utils.
[[0;32m  OK  [0m] Started Terminate Plymouth Boot Screen.
[[0;32m  OK  [0m] Started Set console scheme.
[    8.727263] cloud-init[945]: |.. . +.OS= o     |
[    8.895920] cloud-init[945]: |.   . + B.=      |
[    8.905081] cloud-init[945]: |       o o..     |
[    8.912551] cloud-init[945]: |        .  o.    |
[    8.913387] cloud-init[945]: |            o.   |
[    8.920325] cloud-init[945]: +----[SHA256]-----+
[    8.929640] cloud-init[945]: Generating public/private ed25519 key pair.
[[0;32m  OK  [0m] Started Snap Daemon.
         Starting Wait until snapd is fully seeded...
[    8.939733] cloud-init[945]: Your identification has been saved in /etc/ssh/ssh_host_ed25519_key.
[    8.956412] cloud-init[945]: Your public key has been saved in /etc/ssh/ssh_host_ed25519_key.pub.
[    8.958797] cloud-init[945]: The key fingerprint is:
[    8.965569] cloud-init[945]: SHA256:5ZJ76l07TZ+rrpFDM4x+9my21B7GeoerURlJkI6lFf8 root@ubuntu-xenial
[    8.973848] cloud-init[945]: The key's randomart image is:
[    8.980566] cloud-init[945]: +--[ED25519 256]--+
[    8.988620] cloud-init[945]: |            o+.  |
[    8.996198] cloud-init[945]: |            +o . |
[    9.005100] cloud-init[945]: |          .*  +  |
[    9.012293] cloud-init[945]: |         += .  + |
[    9.020295] cloud-init[945]: |        S..=  o E|
[    9.028577] cloud-init[945]: |        .o. +.+  |
[    9.036166] cloud-init[945]: |        ...*o+ B.|
[    9.044220] cloud-init[945]: |         +o.B=*o+|
[    9.052178] cloud-init[945]: |       .o ..BX=+o|
[    9.060361] cloud-init[945]: +----[SHA256]-----+
[[0;32m  OK  [0m] Started Pollinate to seed the pseudo random number generator.
         Starting OpenBSD Secure Shell server...
[[0;32m  OK  [0m] Started OpenBSD Secure Shell server.
[[0;32m  OK  [0m] Created slice User Slice of vagrant.
         Starting User Manager for UID 1000...
[[0;32m  OK  [0m] Started Session 1 of user vagrant.
[[0;32m  OK  [0m] Started User Manager for UID 1000.
[[0;32m  OK  [0m] Started Wait until snapd is fully seeded.
         Starting Apply the settings specified in cloud-config...
[[0;32m  OK  [0m] Reached target Multi-User System.
[[0;32m  OK  [0m] Reached target Graphical Interface.
         Starting Update UTMP about System Runlevel Changes...
[[0;32m  OK  [0m] Started Update UTMP about System Runlevel Changes.
[   13.991458] cloud-init[1415]: Generating locales (this might take a while)...
[   14.742269] cloud-init[1415]:   en_US.UTF-8... done
[   14.743354] cloud-init[1415]: Generation complete.

Ubuntu 16.04.7 LTS nfsserver ttyS0

nfsserver login: [   15.152300] cloud-init[1415]: Cloud-init v. 20.3-2-g371b392c-0ubuntu1~16.04.1 running 'modules:config' at Sun, 22 Nov 2020 08:59:33 +0000. Up 13.87 seconds.
ci-info: no authorized SSH keys fingerprints found for user ubuntu.
<14>Nov 22 08:59:34 ec2: 
<14>Nov 22 08:59:34 ec2: #############################################################
<14>Nov 22 08:59:34 ec2: -----BEGIN SSH HOST KEY FINGERPRINTS-----
<14>Nov 22 08:59:34 ec2: 1024 SHA256:ql1EVUXKUQzmaArKTryicqlbRnc6J4N/rvLa2c95ZIU root@ubuntu-xenial (DSA)
<14>Nov 22 08:59:34 ec2: 256 SHA256:+c8DaMkLCOU30IjYrtTd8GMNOYLPHFuxbtyC92USRY8 root@ubuntu-xenial (ECDSA)
<14>Nov 22 08:59:34 ec2: 256 SHA256:5ZJ76l07TZ+rrpFDM4x+9my21B7GeoerURlJkI6lFf8 root@ubuntu-xenial (ED25519)
<14>Nov 22 08:59:34 ec2: 2048 SHA256:qJjz+yomRF8+ub1K7fE2Nv5saKbWQrWCA6uJ76SoQYE root@ubuntu-xenial (RSA)
<14>Nov 22 08:59:34 ec2: -----END SSH HOST KEY FINGERPRINTS-----
<14>Nov 22 08:59:34 ec2: #############################################################
-----BEGIN SSH HOST KEY KEYS-----
ecdsa-sha2-nistp256 AAAAE2VjZHNhLXNoYTItbmlzdHAyNTYAAAAIbmlzdHAyNTYAAABBBNkflDOizz8NPG4g8X1FexQKlU41h7QdJI3IknLJ+EaFxFEBLEQGiqSRSqbg3Fhl6+/GDS9R1hMPJDpyVRbr/DU= root@ubuntu-xenial
ssh-ed25519 AAAAC3NzaC1lZDI1NTE5AAAAIG+GHXe9m68YlIXXbh+exnLdTgGJ0LiFfrQtK1S0pMRB root@ubuntu-xenial
ssh-rsa AAAAB3NzaC1yc2EAAAADAQABAAABAQC4T3kWjheqCAPm6Y78194qaFTu8BjHTB5SshCfsf8w50qNhlV3NAdwWNn1e8dPlstkXhaK16kk8Mzc1pl/KCfQSH4eJdCEdFkmhZcSESCDhCKOLx4xgM8QHF0t7lqq4LUV29FHX1+j4TtslN9va/aMCw0+QeahvXI3ZmFxqLLn5O4Oxv6+1E3I4OJIzgYLXcqq9nHuAdJakh1Eh59f9DMYIMeA8oW2iH5IoKuvNIfQPPPHGgjSR4oxJyuqPFayrxdPSMwdp0tuULEmrcIh8KpCgPS0U33Do3OhdlQOdsg+U74u684K+PvRuybtb78PZhh6ZOawK1txB3nwm2poUGAH root@ubuntu-xenial
-----END SSH HOST KEY KEYS-----
[   15.676342] cloud-init[1761]: Cloud-init v. 20.3-2-g371b392c-0ubuntu1~16.04.1 running 'modules:final' at Sun, 22 Nov 2020 08:59:34 +0000. Up 15.54 seconds.
[   15.676678] cloud-init[1761]: ci-info: no authorized SSH keys fingerprints found for user ubuntu.
[   15.676998] cloud-init[1761]: Cloud-init v. 20.3-2-g371b392c-0ubuntu1~16.04.1 finished at Sun, 22 Nov 2020 08:59:34 +0000. Datasource DataSourceNoCloud [seed=/dev/sdb][dsmode=net].  Up 15.67 seconds
[14157.947134] e1000 0000:00:03.0 enp0s3: Reset adapter
[14162.012022] e1000 0000:00:03.0 enp0s3: Reset adapter
[14166.077963] e1000 0000:00:03.0 enp0s3: Reset adapter
[14170.144883] e1000 0000:00:03.0 enp0s3: Reset adapter
[14178.216262] e1000 0000:00:03.0 enp0s3: Reset adapter
[14186.288090] e1000 0000:00:03.0 enp0s3: Reset adapter
[14190.354817] e1000 0000:00:03.0 enp0s3: Reset adapter
[14208.442737] e1000 0000:00:03.0 enp0s3: Reset adapter
[14212.507376] e1000 0000:00:03.0 enp0s3: Reset adapter
[14224.585947] e1000 0000:00:03.0 enp0s3: Reset adapter
[14228.650612] e1000 0000:00:03.0 enp0s3: Reset adapter
[14232.716506] e1000 0000:00:03.0 enp0s3: Reset adapter
[14284.859847] e1000 0000:00:03.0 enp0s3: Reset adapter
[14288.930402] e1000 0000:00:03.0 enp0s3: Reset adapter
[14293.005971] e1000 0000:00:03.0 enp0s3: Reset adapter
[14297.075126] e1000 0000:00:03.0 enp0s3: Reset adapter
[14329.185889] e1000 0000:00:03.0 enp0s3: Reset adapter
[14333.252747] e1000 0000:00:03.0 enp0s3: Reset adapter
[14337.322155] e1000 0000:00:03.0 enp0s3: Reset adapter
[14341.391720] e1000 0000:00:03.0 enp0s3: Reset adapter
[14367.491672] e1000 0000:00:03.0 enp0s3: Reset adapter
[14381.576827] e1000 0000:00:03.0 enp0s3: Reset adapter
[14385.643266] e1000 0000:00:03.0 enp0s3: Reset adapter
[14389.711826] e1000 0000:00:03.0 enp0s3: Reset adapter
[14393.786330] e1000 0000:00:03.0 enp0s3: Reset adapter
[14397.848233] e1000 0000:00:03.0 enp0s3: Reset adapter
[14427.966353] e1000 0000:00:03.0 enp0s3: Reset adapter
[14432.028295] e1000 0000:00:03.0 enp0s3: Reset adapter
[14436.178270] e1000 0000:00:03.0 enp0s3: Reset adapter
[14444.254050] e1000 0000:00:03.0 enp0s3: Reset adapter
[14482.371835] e1000 0000:00:03.0 enp0s3: Reset adapter
[14498.475704] e1000 0000:00:03.0 enp0s3: Reset adapter
[14502.544197] e1000 0000:00:03.0 enp0s3: Reset adapter
[14510.721458] e1000 0000:00:03.0 enp0s3: Reset adapter
